./tests.py:5:1: E302 expected 2 blank lines, found 1
./tests.py:15:80: E501 line too long (95 > 79 characters)
./tests.py:18:80: E501 line too long (94 > 79 characters)
./tests.py:20:1: E305 expected 2 blank lines after class or function definition, found 1
./exception.py:13:45: W291 trailing whitespace
./exception.py:14:80: E501 line too long (106 > 79 characters)
./exception.py:16:1: W293 blank line contains whitespace
./exception.py:17:1: W293 blank line contains whitespace
./menu_tkinter.py:5:1: F401 'typing.Text' imported but unused
./menu_tkinter.py:6:1: F403 'from tkinter import *' used; unable to detect undefined names
./menu_tkinter.py:8:1: F401 'parso.python.tree.Lambda' imported but unused
./menu_tkinter.py:10:1: F403 'from Echec2 import *' used; unable to detect undefined names
./menu_tkinter.py:13:1: F401 'models.Joueur' imported but unused
./menu_tkinter.py:13:1: F401 'models.Tournoi' imported but unused
./menu_tkinter.py:13:1: F401 'models.Match' imported but unused
./menu_tkinter.py:13:1: F401 'models.Blitz' imported but unused
./menu_tkinter.py:13:49: W291 trailing whitespace
./menu_tkinter.py:15:20: F405 'Info_joueurs' may be undefined, or defined from star imports: Echec2, tkinter
./menu_tkinter.py:15:54: W291 trailing whitespace
./menu_tkinter.py:17:1: W293 blank line contains whitespace
./menu_tkinter.py:18:1: W293 blank line contains whitespace
./menu_tkinter.py:20:1: W293 blank line contains whitespace
./menu_tkinter.py:26:1: E303 too many blank lines (10)
./menu_tkinter.py:29:1: W293 blank line contains whitespace
./menu_tkinter.py:30:1: W293 blank line contains whitespace
./menu_tkinter.py:31:1: W293 blank line contains whitespace
./menu_tkinter.py:32:5: E303 too many blank lines (3)
./menu_tkinter.py:33:1: W293 blank line contains whitespace
./menu_tkinter.py:37:9: F841 local variable 'joueurs_titre' is assigned to but never used
./menu_tkinter.py:37:80: E501 line too long (127 > 79 characters)
./menu_tkinter.py:39:25: W291 trailing whitespace
./menu_tkinter.py:40:80: E501 line too long (133 > 79 characters)
./menu_tkinter.py:40:134: W291 trailing whitespace
./menu_tkinter.py:41:13: F841 local variable 'joueurs_nom' is assigned to but never used
./menu_tkinter.py:41:80: E501 line too long (128 > 79 characters)
./menu_tkinter.py:41:129: W291 trailing whitespace
./menu_tkinter.py:42:13: F841 local variable 'retour_menu_bouton' is assigned to but never used
./menu_tkinter.py:42:80: E501 line too long (102 > 79 characters)
./menu_tkinter.py:42:103: W291 trailing whitespace
./menu_tkinter.py:43:13: E128 continuation line under-indented for visual indent
./menu_tkinter.py:43:25: E231 missing whitespace after ','
./menu_tkinter.py:43:52: E231 missing whitespace after ','
./menu_tkinter.py:43:77: E231 missing whitespace after ','
./menu_tkinter.py:43:80: E501 line too long (140 > 79 characters)
./menu_tkinter.py:43:91: E231 missing whitespace after ','
./menu_tkinter.py:47:5: E303 too many blank lines (3)
./menu_tkinter.py:47:20: W291 trailing whitespace
./menu_tkinter.py:48:1: W293 blank line contains whitespace
./menu_tkinter.py:50:30: W291 trailing whitespace
./menu_tkinter.py:51:9: F841 local variable 'menu_title' is assigned to but never used
./menu_tkinter.py:51:80: E501 line too long (110 > 79 characters)
./menu_tkinter.py:52:9: F841 local variable 'regle_bouton' is assigned to but never used
./menu_tkinter.py:52:80: E501 line too long (104 > 79 characters)
./menu_tkinter.py:52:105: W291 trailing whitespace
./menu_tkinter.py:53:17: E128 continuation line under-indented for visual indent
./menu_tkinter.py:53:29: E231 missing whitespace after ','
./menu_tkinter.py:53:56: E231 missing whitespace after ','
./menu_tkinter.py:53:80: E501 line too long (131 > 79 characters)
./menu_tkinter.py:53:81: E231 missing whitespace after ','
./menu_tkinter.py:53:95: E231 missing whitespace after ','
./menu_tkinter.py:54:9: F841 local variable 'joueurs_bouton' is assigned to but never used
./menu_tkinter.py:54:80: E501 line too long (96 > 79 characters)
./menu_tkinter.py:54:97: W291 trailing whitespace
./menu_tkinter.py:55:17: E128 continuation line under-indented for visual indent
./menu_tkinter.py:55:29: E231 missing whitespace after ','
./menu_tkinter.py:55:56: E231 missing whitespace after ','
./menu_tkinter.py:55:80: E501 line too long (158 > 79 characters)
./menu_tkinter.py:55:81: E231 missing whitespace after ','
./menu_tkinter.py:55:95: E231 missing whitespace after ','
./menu_tkinter.py:55:109: E231 missing whitespace after ','
./menu_tkinter.py:56:9: F841 local variable 'tournois_bouton' is assigned to but never used
./menu_tkinter.py:56:80: E501 line too long (108 > 79 characters)
./menu_tkinter.py:56:109: W291 trailing whitespace
./menu_tkinter.py:57:17: E128 continuation line under-indented for visual indent
./menu_tkinter.py:57:29: E231 missing whitespace after ','
./menu_tkinter.py:57:56: E231 missing whitespace after ','
./menu_tkinter.py:57:80: E501 line too long (161 > 79 characters)
./menu_tkinter.py:57:81: E231 missing whitespace after ','
./menu_tkinter.py:57:95: E231 missing whitespace after ','
./menu_tkinter.py:57:109: E231 missing whitespace after ','
./menu_tkinter.py:58:9: F841 local variable 'quit_bouton' is assigned to but never used
./menu_tkinter.py:58:80: E501 line too long (94 > 79 characters)
./menu_tkinter.py:58:95: W291 trailing whitespace
./menu_tkinter.py:59:17: E128 continuation line under-indented for visual indent
./menu_tkinter.py:59:29: E231 missing whitespace after ','
./menu_tkinter.py:59:56: E231 missing whitespace after ','
./menu_tkinter.py:59:80: E501 line too long (145 > 79 characters)
./menu_tkinter.py:59:81: E231 missing whitespace after ','
./menu_tkinter.py:59:95: E231 missing whitespace after ','
./menu_tkinter.py:60:1: W293 blank line contains whitespace
./menu_tkinter.py:63:21: W291 trailing whitespace
./menu_tkinter.py:64:52: E231 missing whitespace after ','
./menu_tkinter.py:64:80: E501 line too long (84 > 79 characters)
./menu_tkinter.py:70:1: W293 blank line contains whitespace
./menu_tkinter.py:72:1: E303 too many blank lines (4)
./menu_tkinter.py:73:1: W293 blank line contains whitespace
./menu_tkinter.py:74:1: W293 blank line contains whitespace
./menu_tkinter.py:75:5: E303 too many blank lines (2)
./menu_tkinter.py:75:22: E231 missing whitespace after ','
./menu_tkinter.py:75:30: E231 missing whitespace after ','
./menu_tkinter.py:75:41: E231 missing whitespace after ','
./menu_tkinter.py:75:63: E231 missing whitespace after ','
./menu_tkinter.py:75:73: E231 missing whitespace after ','
./menu_tkinter.py:75:80: E501 line too long (89 > 79 characters)
./menu_tkinter.py:81:1: W293 blank line contains whitespace
./menu_tkinter.py:82:9: F841 local variable 'joueurs' is assigned to but never used
./menu_tkinter.py:83:9: F841 local variable 'joueurs_list' is assigned to but never used
./menu_tkinter.py:84:1: W293 blank line contains whitespace
./menu_tkinter.py:88:1: W293 blank line contains whitespace
./menu_tkinter.py:89:5: E303 too many blank lines (2)
./menu_tkinter.py:91:1: W293 blank line contains whitespace
./menu_tkinter.py:92:1: W293 blank line contains whitespace
./menu_tkinter.py:93:9: E303 too many blank lines (2)
./menu_tkinter.py:95:30: W291 trailing whitespace
./menu_tkinter.py:96:21: W291 trailing whitespace
./menu_tkinter.py:97:9: F841 local variable 'joueurs_titre' is assigned to but never used
./menu_tkinter.py:97:80: E501 line too long (141 > 79 characters)
./menu_tkinter.py:97:142: W291 trailing whitespace
./menu_tkinter.py:98:9: F841 local variable 'joueurs_nom' is assigned to but never used
./menu_tkinter.py:98:80: E501 line too long (113 > 79 characters)
./menu_tkinter.py:98:114: W291 trailing whitespace
./menu_tkinter.py:99:38: E231 missing whitespace after ','
./menu_tkinter.py:99:51: E231 missing whitespace after ','
./menu_tkinter.py:99:56: E231 missing whitespace after ','
./menu_tkinter.py:99:65: F405 'CENTER' may be undefined, or defined from star imports: Echec2, tkinter
./menu_tkinter.py:100:9: F841 local variable 'joueurs_prenom' is assigned to but never used
./menu_tkinter.py:100:80: E501 line too long (119 > 79 characters)
./menu_tkinter.py:100:120: W291 trailing whitespace
./menu_tkinter.py:101:41: E231 missing whitespace after ','
./menu_tkinter.py:101:54: E231 missing whitespace after ','
./menu_tkinter.py:101:59: E231 missing whitespace after ','
./menu_tkinter.py:101:68: F405 'CENTER' may be undefined, or defined from star imports: Echec2, tkinter
./menu_tkinter.py:101:80: E501 line too long (81 > 79 characters)
./menu_tkinter.py:102:9: F841 local variable 'joueurs_date' is assigned to but never used
./menu_tkinter.py:102:80: E501 line too long (128 > 79 characters)
./menu_tkinter.py:102:129: W291 trailing whitespace
./menu_tkinter.py:103:52: E231 missing whitespace after ','
./menu_tkinter.py:103:65: E231 missing whitespace after ','
./menu_tkinter.py:103:70: E231 missing whitespace after ','
./menu_tkinter.py:103:79: F405 'CENTER' may be undefined, or defined from star imports: Echec2, tkinter
./menu_tkinter.py:103:80: E501 line too long (92 > 79 characters)
./menu_tkinter.py:103:93: W291 trailing whitespace
./menu_tkinter.py:104:9: F841 local variable 'joueurs_genre' is assigned to but never used
./menu_tkinter.py:104:80: E501 line too long (122 > 79 characters)
./menu_tkinter.py:104:123: W291 trailing whitespace
./menu_tkinter.py:105:40: E231 missing whitespace after ','
./menu_tkinter.py:105:53: E231 missing whitespace after ','
./menu_tkinter.py:105:58: E231 missing whitespace after ','
./menu_tkinter.py:105:67: F405 'CENTER' may be undefined, or defined from star imports: Echec2, tkinter
./menu_tkinter.py:105:80: E501 line too long (80 > 79 characters)
./menu_tkinter.py:106:9: F841 local variable 'joueurs_classement' is assigned to but never used
./menu_tkinter.py:106:80: E501 line too long (127 > 79 characters)
./menu_tkinter.py:106:128: W291 trailing whitespace
./menu_tkinter.py:107:45: E231 missing whitespace after ','
./menu_tkinter.py:107:58: E231 missing whitespace after ','
./menu_tkinter.py:107:63: E231 missing whitespace after ','
./menu_tkinter.py:107:72: F405 'CENTER' may be undefined, or defined from star imports: Echec2, tkinter
./menu_tkinter.py:107:80: E501 line too long (85 > 79 characters)
./menu_tkinter.py:107:86: W291 trailing whitespace
./menu_tkinter.py:108:9: F841 local variable 'retour_menu_bouton' is assigned to but never used
./menu_tkinter.py:108:80: E501 line too long (98 > 79 characters)
./menu_tkinter.py:108:99: W291 trailing whitespace
./menu_tkinter.py:109:13: E128 continuation line under-indented for visual indent
./menu_tkinter.py:109:25: E231 missing whitespace after ','
./menu_tkinter.py:109:52: E231 missing whitespace after ','
./menu_tkinter.py:109:77: E231 missing whitespace after ','
./menu_tkinter.py:109:80: E501 line too long (153 > 79 characters)
./menu_tkinter.py:109:91: E231 missing whitespace after ','
./menu_tkinter.py:109:105: E231 missing whitespace after ','
./menu_tkinter.py:109:114: F405 'LEFT' may be undefined, or defined from star imports: Echec2, tkinter
./menu_tkinter.py:109:118: E203 whitespace before ','
./menu_tkinter.py:109:119: E231 missing whitespace after ','
./menu_tkinter.py:109:154: W291 trailing whitespace
./menu_tkinter.py:110:37: E231 missing whitespace after ','
./menu_tkinter.py:110:48: E231 missing whitespace after ','
./menu_tkinter.py:110:70: E231 missing whitespace after ','
./menu_tkinter.py:110:80: E501 line too long (95 > 79 characters)
./menu_tkinter.py:110:80: E231 missing whitespace after ','
./menu_tkinter.py:112:1: W293 blank line contains whitespace
./menu_tkinter.py:113:9: F841 local variable 'valider_bouton' is assigned to but never used
./menu_tkinter.py:113:80: E501 line too long (96 > 79 characters)
./menu_tkinter.py:113:97: W291 trailing whitespace
./menu_tkinter.py:114:9: E128 continuation line under-indented for visual indent
./menu_tkinter.py:114:21: E231 missing whitespace after ','
./menu_tkinter.py:114:48: E231 missing whitespace after ','
./menu_tkinter.py:114:73: E231 missing whitespace after ','
./menu_tkinter.py:114:80: E501 line too long (160 > 79 characters)
./menu_tkinter.py:114:87: E231 missing whitespace after ','
./menu_tkinter.py:114:101: E231 missing whitespace after ','
./menu_tkinter.py:114:110: F405 'LEFT' may be undefined, or defined from star imports: Echec2, tkinter
./menu_tkinter.py:114:114: E203 whitespace before ','
./menu_tkinter.py:114:115: E231 missing whitespace after ','
./menu_tkinter.py:114:161: W291 trailing whitespace
./menu_tkinter.py:115:1: W293 blank line contains whitespace
./menu_tkinter.py:116:1: W293 blank line contains whitespace
./menu_tkinter.py:118:1: W293 blank line contains whitespace
./menu_tkinter.py:119:9: E303 too many blank lines (4)
./menu_tkinter.py:121:1: E305 expected 2 blank lines after class or function definition, found 1
./menu_tkinter.py:126:1: W293 blank line contains whitespace
./menu_tkinter.py:127:5: E303 too many blank lines (2)
./menu_tkinter.py:129:1: W293 blank line contains whitespace
./menu_tkinter.py:130:1: W293 blank line contains whitespace
./menu_tkinter.py:131:9: E303 too many blank lines (2)
./menu_tkinter.py:133:30: W291 trailing whitespace
./menu_tkinter.py:134:21: W291 trailing whitespace
./menu_tkinter.py:135:9: F841 local variable 'joueurs_titre' is assigned to but never used
./menu_tkinter.py:135:80: E501 line too long (141 > 79 characters)
./menu_tkinter.py:135:142: W291 trailing whitespace
./menu_tkinter.py:136:9: F841 local variable 'joueurs_nom' is assigned to but never used
./menu_tkinter.py:136:80: E501 line too long (113 > 79 characters)
./menu_tkinter.py:136:114: W291 trailing whitespace
./menu_tkinter.py:137:38: E231 missing whitespace after ','
./menu_tkinter.py:137:51: E231 missing whitespace after ','
./menu_tkinter.py:137:56: E231 missing whitespace after ','
./menu_tkinter.py:137:65: F405 'CENTER' may be undefined, or defined from star imports: Echec2, tkinter
./menu_tkinter.py:138:9: F841 local variable 'joueurs_prenom' is assigned to but never used
./menu_tkinter.py:138:80: E501 line too long (119 > 79 characters)
./menu_tkinter.py:138:120: W291 trailing whitespace
./menu_tkinter.py:139:41: E231 missing whitespace after ','
./menu_tkinter.py:139:54: E231 missing whitespace after ','
./menu_tkinter.py:139:59: E231 missing whitespace after ','
./menu_tkinter.py:139:68: F405 'CENTER' may be undefined, or defined from star imports: Echec2, tkinter
./menu_tkinter.py:139:80: E501 line too long (81 > 79 characters)
./menu_tkinter.py:140:9: F841 local variable 'joueurs_date' is assigned to but never used
./menu_tkinter.py:140:80: E501 line too long (128 > 79 characters)
./menu_tkinter.py:140:129: W291 trailing whitespace
./menu_tkinter.py:141:52: E231 missing whitespace after ','
./menu_tkinter.py:141:65: E231 missing whitespace after ','
./menu_tkinter.py:141:70: E231 missing whitespace after ','
./menu_tkinter.py:141:79: F405 'CENTER' may be undefined, or defined from star imports: Echec2, tkinter
./menu_tkinter.py:141:80: E501 line too long (92 > 79 characters)
./menu_tkinter.py:141:93: W291 trailing whitespace
./menu_tkinter.py:142:9: F841 local variable 'joueurs_genre' is assigned to but never used
./menu_tkinter.py:142:80: E501 line too long (122 > 79 characters)
./menu_tkinter.py:142:123: W291 trailing whitespace
./menu_tkinter.py:143:40: E231 missing whitespace after ','
./menu_tkinter.py:143:53: E231 missing whitespace after ','
./menu_tkinter.py:143:58: E231 missing whitespace after ','
./menu_tkinter.py:143:67: F405 'CENTER' may be undefined, or defined from star imports: Echec2, tkinter
./menu_tkinter.py:143:80: E501 line too long (80 > 79 characters)
./menu_tkinter.py:144:9: F841 local variable 'joueurs_classement' is assigned to but never used
./menu_tkinter.py:144:80: E501 line too long (127 > 79 characters)
./menu_tkinter.py:144:128: W291 trailing whitespace
./menu_tkinter.py:145:45: E231 missing whitespace after ','
./menu_tkinter.py:145:58: E231 missing whitespace after ','
./menu_tkinter.py:145:63: E231 missing whitespace after ','
./menu_tkinter.py:145:72: F405 'CENTER' may be undefined, or defined from star imports: Echec2, tkinter
./menu_tkinter.py:145:80: E501 line too long (85 > 79 characters)
./menu_tkinter.py:145:86: W291 trailing whitespace
./menu_tkinter.py:146:9: F841 local variable 'retour_menu_bouton' is assigned to but never used
./menu_tkinter.py:146:80: E501 line too long (98 > 79 characters)
./menu_tkinter.py:146:99: W291 trailing whitespace
./menu_tkinter.py:147:13: E128 continuation line under-indented for visual indent
./menu_tkinter.py:147:25: E231 missing whitespace after ','
./menu_tkinter.py:147:52: E231 missing whitespace after ','
./menu_tkinter.py:147:77: E231 missing whitespace after ','
./menu_tkinter.py:147:80: E501 line too long (153 > 79 characters)
./menu_tkinter.py:147:91: E231 missing whitespace after ','
./menu_tkinter.py:147:105: E231 missing whitespace after ','
./menu_tkinter.py:147:114: F405 'LEFT' may be undefined, or defined from star imports: Echec2, tkinter
./menu_tkinter.py:147:118: E203 whitespace before ','
./menu_tkinter.py:147:119: E231 missing whitespace after ','
./menu_tkinter.py:147:154: W291 trailing whitespace
./menu_tkinter.py:148:37: E231 missing whitespace after ','
./menu_tkinter.py:148:48: E231 missing whitespace after ','
./menu_tkinter.py:148:70: E231 missing whitespace after ','
./menu_tkinter.py:148:80: E501 line too long (95 > 79 characters)
./menu_tkinter.py:148:80: E231 missing whitespace after ','
./menu_tkinter.py:150:1: W293 blank line contains whitespace
./menu_tkinter.py:151:9: F841 local variable 'valider_bouton' is assigned to but never used
./menu_tkinter.py:151:80: E501 line too long (96 > 79 characters)
./menu_tkinter.py:151:97: W291 trailing whitespace
./menu_tkinter.py:152:9: E128 continuation line under-indented for visual indent
./menu_tkinter.py:152:21: E231 missing whitespace after ','
./menu_tkinter.py:152:48: E231 missing whitespace after ','
./menu_tkinter.py:152:73: E231 missing whitespace after ','
./menu_tkinter.py:152:80: E501 line too long (163 > 79 characters)
./menu_tkinter.py:152:87: E231 missing whitespace after ','
./menu_tkinter.py:152:101: E231 missing whitespace after ','
./menu_tkinter.py:152:110: F405 'LEFT' may be undefined, or defined from star imports: Echec2, tkinter
./menu_tkinter.py:152:114: E203 whitespace before ','
./menu_tkinter.py:152:115: E231 missing whitespace after ','
./menu_tkinter.py:152:164: W291 trailing whitespace
./menu_tkinter.py:153:1: W293 blank line contains whitespace
./menu_tkinter.py:154:1: W293 blank line contains whitespace
./menu_tkinter.py:155:9: E303 too many blank lines (2)
./menu_tkinter.py:155:28: W291 trailing whitespace
./menu_tkinter.py:157:1: E305 expected 2 blank lines after class or function definition, found 1
./menu_tkinter.py:158:1: W293 blank line contains whitespace
./menu_tkinter.py:164:1: E303 too many blank lines (6)
./menu_tkinter.py:165:12: E225 missing whitespace around operator
./menu_tkinter.py:166:23: W291 trailing whitespace
./menu_tkinter.py:167:33: W291 trailing whitespace
./menu_tkinter.py:169:20: E231 missing whitespace after ','
./menu_tkinter.py:172:1: W293 blank line contains whitespace
./menu_tkinter.py:173:26: W291 trailing whitespace
./menu_tkinter.py:174:1: W293 blank line contains whitespace
./menu_tkinter.py:175:1: W293 blank line contains whitespace
./menu_tkinter.py:178:5: E303 too many blank lines (4)
./menu_tkinter.py:178:80: E501 line too long (119 > 79 characters)
./menu_tkinter.py:179:80: E501 line too long (134 > 79 characters)
./menu_tkinter.py:180:80: E501 line too long (103 > 79 characters)
./menu_tkinter.py:180:104: W291 trailing whitespace
./menu_tkinter.py:181:13: E128 continuation line under-indented for visual indent
./menu_tkinter.py:181:25: E231 missing whitespace after ','
./menu_tkinter.py:181:52: E231 missing whitespace after ','
./menu_tkinter.py:181:77: E231 missing whitespace after ','
./menu_tkinter.py:181:80: E501 line too long (148 > 79 characters)
./menu_tkinter.py:181:91: E231 missing whitespace after ','
./menu_tkinter.py:181:125: E202 whitespace before ')'
./menu_tkinter.py:182:1: W293 blank line contains whitespace
./menu_tkinter.py:185:1: W293 blank line contains whitespace
./menu_tkinter.py:186:1: W293 blank line contains whitespace
./menu_tkinter.py:187:9: E303 too many blank lines (3)
./menu_tkinter.py:189:1: W293 blank line contains whitespace
./menu_tkinter.py:190:1: W293 blank line contains whitespace
./menu_tkinter.py:191:9: E303 too many blank lines (2)
./menu_tkinter.py:193:1: W293 blank line contains whitespace
./menu_tkinter.py:194:13: E303 too many blank lines (2)
./menu_tkinter.py:198:1: W293 blank line contains whitespace
./menu_tkinter.py:200:34: W291 trailing whitespace
./menu_tkinter.py:201:25: W291 trailing whitespace
./menu_tkinter.py:202:13: F841 local variable 'joueurs_titre' is assigned to but never used
./menu_tkinter.py:202:80: E501 line too long (131 > 79 characters)
./menu_tkinter.py:203:80: E501 line too long (133 > 79 characters)
./menu_tkinter.py:204:49: W291 trailing whitespace
./menu_tkinter.py:205:17: F841 local variable 'joueurs_nom' is assigned to but never used
./menu_tkinter.py:205:80: E501 line too long (130 > 79 characters)
./menu_tkinter.py:205:131: W291 trailing whitespace
./menu_tkinter.py:206:1: W293 blank line contains whitespace
./menu_tkinter.py:207:33: W291 trailing whitespace
./menu_tkinter.py:208:1: W293 blank line contains whitespace
./menu_tkinter.py:210:5: E303 too many blank lines (2)
./menu_tkinter.py:214:5: E303 too many blank lines (3)
./menu_tkinter.py:215:4: W291 trailing whitespace
./menu_tkinter.py:216:1: W293 blank line contains whitespace
./menu_tkinter.py:217:1: W293 blank line contains whitespace
./menu_tkinter.py:218:1: W293 blank line contains whitespace
./menu_tkinter.py:219:1: W293 blank line contains whitespace
./menu_tkinter.py:223:1: W293 blank line contains whitespace
./menu_tkinter.py:227:1: W293 blank line contains whitespace
./menu_tkinter.py:230:1: W293 blank line contains whitespace
./menu_tkinter.py:232:1: W293 blank line contains whitespace
./menu_tkinter.py:241:1: E303 too many blank lines (20)
./models.py:4:1: F401 'exception.UserException' imported but unused
./models.py:12:5: E301 expected 1 blank line, found 0
./models.py:12:80: E501 line too long (114 > 79 characters)
./models.py:15:33: W291 trailing whitespace
./models.py:16:1: W293 blank line contains whitespace
./models.py:19:25: W291 trailing whitespace
./models.py:21:1: W293 blank line contains whitespace
./models.py:22:80: E501 line too long (89 > 79 characters)
./models.py:23:1: W293 blank line contains whitespace
./models.py:25:80: E501 line too long (88 > 79 characters)
./models.py:26:1: W293 blank line contains whitespace
./models.py:29:1: W293 blank line contains whitespace
./models.py:31:74: W291 trailing whitespace
./models.py:32:1: W293 blank line contains whitespace
./models.py:38:1: W293 blank line contains whitespace
./models.py:39:1: W293 blank line contains whitespace
./models.py:40:9: E303 too many blank lines (2)
./models.py:41:1: W293 blank line contains whitespace
./models.py:42:1: W293 blank line contains whitespace
./models.py:43:17: E303 too many blank lines (2)
./models.py:43:17: E117 over-indented
./models.py:46:1: W293 blank line contains whitespace
./models.py:48:1: W293 blank line contains whitespace
./models.py:49:5: E303 too many blank lines (3)
./models.py:56:5: E301 expected 1 blank line, found 0
./models.py:57:1: W293 blank line contains whitespace
./models.py:59:5: E301 expected 1 blank line, found 0
./models.py:76:1: W293 blank line contains whitespace
./models.py:82:24: E271 multiple spaces after keyword
./models.py:83:26: E211 whitespace before '['
./models.py:84:1: W293 blank line contains whitespace
./models.py:86:26: E211 whitespace before '['
./models.py:88:1: W293 blank line contains whitespace
./models.py:90:5: E303 too many blank lines (2)
./models.py:94:1: W293 blank line contains whitespace
./models.py:95:80: E501 line too long (89 > 79 characters)
./models.py:97:1: W293 blank line contains whitespace
./models.py:100:1: W293 blank line contains whitespace
./models.py:101:9: E303 too many blank lines (2)
./models.py:109:80: E501 line too long (103 > 79 characters)
./models.py:109:90: E231 missing whitespace after ','
./models.py:116:1: W293 blank line contains whitespace
./models.py:117:80: E501 line too long (93 > 79 characters)
./models.py:121:14: E261 at least two spaces before inline comment
./models.py:121:47: W291 trailing whitespace
./models.py:126:1: E303 too many blank lines (3)
./models.py:141:1: E302 expected 2 blank lines, found 1
./models.py:144:1: W293 blank line contains whitespace
./models.py:145:9: E303 too many blank lines (2)
./models.py:149:16: E211 whitespace before '('
./models.py:149:24: W291 trailing whitespace
./models.py:152:1: W293 blank line contains whitespace
./models.py:153:1: W293 blank line contains whitespace
./models.py:154:1: W293 blank line contains whitespace
./models.py:157:1: E303 too many blank lines (5)
./models.py:158:1: W293 blank line contains whitespace
./models.py:161:1: W293 blank line contains whitespace
./models.py:162:1: W293 blank line contains whitespace
./models.py:163:5: E303 too many blank lines (2)
./models.py:163:16: E211 whitespace before '('
./models.py:163:24: W291 trailing whitespace
./models.py:171:1: W293 blank line contains whitespace
./models.py:172:1: W293 blank line contains whitespace
./models.py:173:5: E303 too many blank lines (2)
./models.py:173:16: E211 whitespace before '('
./models.py:173:24: W291 trailing whitespace
./models.py:177:1: E302 expected 2 blank lines, found 1
./models.py:178:1: W293 blank line contains whitespace
./models.py:181:1: W293 blank line contains whitespace
./models.py:182:16: E211 whitespace before '('
./models.py:182:24: W291 trailing whitespace
./models.py:189:5: E301 expected 1 blank line, found 0
./models.py:201:1: W293 blank line contains whitespace
./models.py:202:1: W293 blank line contains whitespace
./models.py:203:5: E303 too many blank lines (2)
./models.py:204:13: E117 over-indented
./models.py:212:5: E303 too many blank lines (2)
./models.py:231:1: W293 blank line contains whitespace
./models.py:237:1: W293 blank line contains whitespace
./models.py:240:1: W293 blank line contains whitespace
./models.py:243:1: W293 blank line contains whitespace
./models.py:244:1: E303 too many blank lines (5)
./models.py:245:50: E225 missing whitespace around operator
./models.py:276:5: F811 redefinition of unused 'datetime' from line 3
./action.py:1:1: F401 'math.e' imported but unused
./action.py:7:58: E231 missing whitespace after ':'
./action.py:7:63: E252 missing whitespace around parameter equals
./action.py:7:80: E501 line too long (86 > 79 characters)
./action.py:7:81: E252 missing whitespace around parameter equals
./action.py:18:80: E501 line too long (82 > 79 characters)
./action.py:19:9: F811 redefinition of unused 'e' from line 1
./action.py:21:9: F811 redefinition of unused 'e' from line 1
./action.py:21:31: E261 at least two spaces before inline comment
./action.py:22:12: E111 indentation is not a multiple of 4
./action.py:23:12: E111 indentation is not a multiple of 4
./fields.py:3:1: F401 'random.choice' imported but unused
./fields.py:3:1: F401 'random.choices' imported but unused
./fields.py:11:1: E303 too many blank lines (4)
./fields.py:12:80: E501 line too long (91 > 79 characters)
./fields.py:14:80: E501 line too long (82 > 79 characters)
./fields.py:15:80: E501 line too long (87 > 79 characters)
./fields.py:17:80: E501 line too long (85 > 79 characters)
./fields.py:35:1: W293 blank line contains whitespace
./fields.py:38:1: E303 too many blank lines (3)
./fields.py:41:80: E501 line too long (133 > 79 characters)
./fields.py:42:1: W293 blank line contains whitespace
./fields.py:47:1: E303 too many blank lines (5)
./fields.py:51:59: E231 missing whitespace after ','
./fields.py:51:71: W291 trailing whitespace
./fields.py:54:20: W291 trailing whitespace
./fields.py:58:13: E722 do not use bare 'except'
./fields.py:63:39: F811 redefinition of unused 'choices' from line 3
./fields.py:70:80: E501 line too long (104 > 79 characters)
./fields.py:73:28: F402 import 'choice' from line 3 shadowed by loop variable
./fields.py:79:60: W291 trailing whitespace
./fields.py:87:39: F811 redefinition of unused 'choices' from line 3
./fields.py:87:58: E231 missing whitespace after ','
./fields.py:87:66: E251 unexpected spaces around keyword / parameter equals
./fields.py:93:80: E501 line too long (120 > 79 characters)
./fields.py:94:9: F811 redefinition of unused 'choices' from line 3
./fields.py:100:80: E501 line too long (85 > 79 characters)
./fields.py:103:1: W293 blank line contains whitespace
./fields.py:104:13: F811 redefinition of unused 'choice' from line 3
./fields.py:106:80: E501 line too long (82 > 79 characters)
./fields.py:110:1: W293 blank line contains whitespace
./fields.py:115:48: E231 missing whitespace after ','
./fields.py:115:55: E251 unexpected spaces around keyword / parameter equals
./fields.py:115:57: E251 unexpected spaces around keyword / parameter equals
./fields.py:122:80: E501 line too long (100 > 79 characters)
./fields.py:125:1: W293 blank line contains whitespace
./fields.py:125:17: W292 no newline at end of file
./menu.py:20:5: E303 too many blank lines (2)
./menu.py:31:80: E501 line too long (84 > 79 characters)
./Echec2.py:3:1: F401 'operator' imported but unused
./Echec2.py:4:1: F401 'random' imported but unused
./Echec2.py:5:1: F401 'typing.List' imported but unused
./Echec2.py:5:1: F401 'typing.Callable' imported but unused
./Echec2.py:7:1: F403 'from fields import *' used; unable to detect undefined names
./Echec2.py:9:1: F401 'models.Match' imported but unused
./Echec2.py:9:80: E501 line too long (87 > 79 characters)
./Echec2.py:10:22: E231 missing whitespace after ','
./Echec2.py:10:35: E231 missing whitespace after ','
./Echec2.py:21:1: E302 expected 2 blank lines, found 1
./Echec2.py:36:1: E302 expected 2 blank lines, found 1
./Echec2.py:37:9: E117 over-indented
./Echec2.py:40:25: W291 trailing whitespace
./Echec2.py:45:21: E222 multiple spaces after operator
./Echec2.py:46:80: E501 line too long (143 > 79 characters)
./Echec2.py:47:33: E128 continuation line under-indented for visual indent
./Echec2.py:47:80: E501 line too long (94 > 79 characters)
./Echec2.py:48:33: E128 continuation line under-indented for visual indent
./Echec2.py:49:80: E501 line too long (102 > 79 characters)
./Echec2.py:50:25: E128 continuation line under-indented for visual indent
./Echec2.py:50:80: E501 line too long (91 > 79 characters)
./Echec2.py:51:80: E501 line too long (136 > 79 characters)
./Echec2.py:52:25: E128 continuation line under-indented for visual indent
./Echec2.py:53:1: W293 blank line contains whitespace
./Echec2.py:55:80: E501 line too long (82 > 79 characters)
./Echec2.py:59:1: E302 expected 2 blank lines, found 1
./Echec2.py:61:12: F405 'view' may be undefined, or defined from star imports: fields
./Echec2.py:64:1: E302 expected 2 blank lines, found 1
./Echec2.py:66:9: F841 local variable 'joueur_txt' is assigned to but never used
./Echec2.py:71:1: E302 expected 2 blank lines, found 1
./Echec2.py:75:1: E302 expected 2 blank lines, found 1
./Echec2.py:75:39: E231 missing whitespace after ':'
./Echec2.py:83:1: W293 blank line contains whitespace
./Echec2.py:84:1: E302 expected 2 blank lines, found 1
./Echec2.py:85:30: E261 at least two spaces before inline comment
./Echec2.py:85:80: E501 line too long (109 > 79 characters)
./Echec2.py:86:57: E231 missing whitespace after ','
./Echec2.py:86:62: E251 unexpected spaces around keyword / parameter equals
./Echec2.py:86:80: E501 line too long (114 > 79 characters)
./Echec2.py:86:96: E203 whitespace before ','
./Echec2.py:86:106: E251 unexpected spaces around keyword / parameter equals
./Echec2.py:86:108: E251 unexpected spaces around keyword / parameter equals
./Echec2.py:88:80: E501 line too long (106 > 79 characters)
./Echec2.py:89:1: W293 blank line contains whitespace
./Echec2.py:91:1: W293 blank line contains whitespace
./Echec2.py:92:1: E303 too many blank lines (3)
./Echec2.py:93:52: W291 trailing whitespace
./Echec2.py:101:1: E302 expected 2 blank lines, found 1
./Echec2.py:108:80: E501 line too long (144 > 79 characters)
./Echec2.py:109:80: E501 line too long (83 > 79 characters)
./Echec2.py:110:1: W293 blank line contains whitespace
./Echec2.py:124:1: W293 blank line contains whitespace
./Echec2.py:126:80: E501 line too long (89 > 79 characters)
./Echec2.py:127:5: F841 local variable 'reponses' is assigned to but never used
./Echec2.py:127:45: F405 'ChoiceField' may be undefined, or defined from star imports: fields
./Echec2.py:127:80: E501 line too long (114 > 79 characters)
./Echec2.py:128:45: F405 'ChoiceField' may be undefined, or defined from star imports: fields
./Echec2.py:128:80: E501 line too long (184 > 79 characters)
./Echec2.py:128:112: E231 missing whitespace after ','
./Echec2.py:130:1: W293 blank line contains whitespace
./Echec2.py:131:1: W293 blank line contains whitespace
./Echec2.py:132:1: E303 too many blank lines (3)
./Echec2.py:135:80: E501 line too long (93 > 79 characters)
./Echec2.py:140:5: E265 block comment should start with '# '
./Echec2.py:141:1: W293 blank line contains whitespace
./Echec2.py:143:47: F405 'Field' may be undefined, or defined from star imports: fields
./Echec2.py:143:76: F405 'Field' may be undefined, or defined from star imports: fields
./Echec2.py:143:80: E501 line too long (108 > 79 characters)
./Echec2.py:144:47: F405 'dateField' may be undefined, or defined from star imports: fields
./Echec2.py:144:80: E501 line too long (131 > 79 characters)
./Echec2.py:144:85: F405 'IntField' may be undefined, or defined from star imports: fields
./Echec2.py:145:47: F405 'ChoiceField' may be undefined, or defined from star imports: fields
./Echec2.py:145:80: E501 line too long (163 > 79 characters)
./Echec2.py:146:47: F405 'Field' may be undefined, or defined from star imports: fields
./Echec2.py:146:80: E501 line too long (83 > 79 characters)
./Echec2.py:148:51: E231 missing whitespace after ','
./Echec2.py:149:29: E127 continuation line over-indented for visual indent
./Echec2.py:149:68: E231 missing whitespace after ','
./Echec2.py:149:80: E501 line too long (93 > 79 characters)
./Echec2.py:150:29: E128 continuation line under-indented for visual indent
./Echec2.py:150:80: E501 line too long (82 > 79 characters)
./Echec2.py:151:29: E128 continuation line under-indented for visual indent
./Echec2.py:151:80: E501 line too long (86 > 79 characters)
./Echec2.py:152:29: E128 continuation line under-indented for visual indent
./Echec2.py:153:29: E128 continuation line under-indented for visual indent
./Echec2.py:153:43: W291 trailing whitespace
./Echec2.py:155:59: W291 trailing whitespace
./Echec2.py:156:38: F405 'ChoiceField' may be undefined, or defined from star imports: fields
./Echec2.py:156:80: E501 line too long (88 > 79 characters)
./Echec2.py:157:37: E128 continuation line under-indented for visual indent
./Echec2.py:157:37: F405 'AskJoueursField' may be undefined, or defined from star imports: fields
./Echec2.py:157:73: F405 'IntField' may be undefined, or defined from star imports: fields
./Echec2.py:157:80: E501 line too long (123 > 79 characters)
./Echec2.py:159:1: W293 blank line contains whitespace
./Echec2.py:161:80: E501 line too long (89 > 79 characters)
./Echec2.py:162:80: E501 line too long (98 > 79 characters)
./Echec2.py:163:80: E501 line too long (95 > 79 characters)
./Echec2.py:164:80: E501 line too long (91 > 79 characters)
./Echec2.py:167:69: W291 trailing whitespace
./Echec2.py:168:43: F405 'ChoiceField' may be undefined, or defined from star imports: fields
./Echec2.py:168:80: E501 line too long (114 > 79 characters)
./Echec2.py:171:80: E501 line too long (95 > 79 characters)
./Echec2.py:172:33: E128 continuation line under-indented for visual indent
./Echec2.py:172:80: E501 line too long (91 > 79 characters)
./Echec2.py:173:33: E128 continuation line under-indented for visual indent
./Echec2.py:173:80: E501 line too long (93 > 79 characters)
./Echec2.py:175:80: E501 line too long (128 > 79 characters)
./Echec2.py:176:1: W293 blank line contains whitespace
./Echec2.py:177:1: W293 blank line contains whitespace
./Echec2.py:178:5: E303 too many blank lines (2)
./Echec2.py:178:80: E501 line too long (103 > 79 characters)
./Echec2.py:178:104: W291 trailing whitespace
./Echec2.py:179:80: E501 line too long (88 > 79 characters)
./Echec2.py:180:27: E128 continuation line under-indented for visual indent
./Echec2.py:180:47: E231 missing whitespace after ','
./Echec2.py:180:80: E501 line too long (102 > 79 characters)
./Echec2.py:180:96: E231 missing whitespace after ','
./Echec2.py:181:1: W293 blank line contains whitespace
./Echec2.py:182:1: W293 blank line contains whitespace
./Echec2.py:183:5: E303 too many blank lines (2)
./Echec2.py:185:1: W293 blank line contains whitespace
./test.py:2:1: F403 'from consolemenu import *' used; unable to detect undefined names
./test.py:3:1: F403 'from consolemenu.items import *' used; unable to detect undefined names
./test.py:4:1: F403 'from Echec2 import *' used; unable to detect undefined names
./test.py:7:8: F405 'ConsoleMenu' may be undefined, or defined from star imports: Echec2, consolemenu, consolemenu.items
./test.py:7:20: F405 'tournois_text' may be undefined, or defined from star imports: Echec2, consolemenu, consolemenu.items
./test.py:11:80: E501 line too long (80 > 79 characters)
./test.py:12:13: F405 'MenuItem' may be undefined, or defined from star imports: Echec2, consolemenu, consolemenu.items
./test.py:12:22: F405 'joueurs_tournois' may be undefined, or defined from star imports: Echec2, consolemenu, consolemenu.items
./test.py:15:17: F405 'FunctionItem' may be undefined, or defined from star imports: Echec2, consolemenu, consolemenu.items
./test.py:15:80: E501 line too long (81 > 79 characters)
./test.py:18:16: F405 'CommandItem' may be undefined, or defined from star imports: Echec2, consolemenu, consolemenu.items
./test.py:21:18: F405 'SelectionMenu' may be undefined, or defined from star imports: Echec2, consolemenu, consolemenu.items
./test.py:25:16: F405 'SubmenuItem' may be undefined, or defined from star imports: Echec2, consolemenu, consolemenu.items
./test.py:34:12: W292 no newline at end of file
./formulaire.py:4:1: E302 expected 2 blank lines, found 1
./formulaire.py:22:1: W293 blank line contains whitespace
./formulaire.py:22:9: W292 no newline at end of file
./views/errors.py:2:80: E501 line too long (88 > 79 characters)
./views/errors.py:6:1: E302 expected 2 blank lines, found 1
